210514 00:54:28 mysqld_safe Starting mysqld daemon with databases from /var/lib/mysql
210514  0:54:28 [Note] /usr/libexec/mysqld (mysqld 5.5.68-MariaDB) starting as process 503 ...
210514  0:54:28 InnoDB: The InnoDB memory heap is disabled
210514  0:54:28 InnoDB: Mutexes and rw_locks use GCC atomic builtins
210514  0:54:28 InnoDB: Compressed tables use zlib 1.2.7
210514  0:54:28 InnoDB: Using Linux native AIO
210514  0:54:28 InnoDB: Initializing buffer pool, size = 128.0M
210514  0:54:28 InnoDB: Completed initialization of buffer pool
InnoDB: The first specified data file ./ibdata1 did not exist:
InnoDB: a new database to be created!
210514  0:54:28  InnoDB: Setting file ./ibdata1 size to 10 MB
InnoDB: Database physically writes the file full: wait...
210514  0:54:28  InnoDB: Log file ./ib_logfile0 did not exist: new to be created
InnoDB: Setting log file ./ib_logfile0 size to 5 MB
InnoDB: Database physically writes the file full: wait...
210514  0:54:28  InnoDB: Log file ./ib_logfile1 did not exist: new to be created
InnoDB: Setting log file ./ib_logfile1 size to 5 MB
InnoDB: Database physically writes the file full: wait...
InnoDB: Doublewrite buffer not found: creating new
InnoDB: Doublewrite buffer created
InnoDB: 127 rollback segment(s) active.
InnoDB: Creating foreign key constraint system tables
InnoDB: Foreign key constraint system tables created
210514  0:54:28  InnoDB: Waiting for the background threads to start
210514  0:54:29 Percona XtraDB (http://www.percona.com) 5.5.61-MariaDB-38.13 started; log sequence number 0
210514  0:54:29 [Note] Plugin 'FEEDBACK' is disabled.
210514  0:54:29 [Note] Server socket created on IP: '0.0.0.0'.
210514  0:54:29 [Note] Event Scheduler: Loaded 0 events
210514  0:54:29 [Note] /usr/libexec/mysqld: ready for connections.
Version: '5.5.68-MariaDB'  socket: '/var/lib/mysql/mysql.sock'  port: 3306  MariaDB Server
