May 05 15:16:17 Installed: libgcc-4.8.5-44.0.3.el7.x86_64
May 05 15:16:17 Installed: 1:redhat-release-server-7.9-6.0.1.el7_9.x86_64
May 05 15:16:17 Installed: setup-2.8.71-11.el7.noarch
May 05 15:16:17 Installed: filesystem-3.2-25.el7.x86_64
May 05 15:16:17 Installed: basesystem-10.0-7.0.1.el7.noarch
May 05 15:16:18 Installed: tzdata-2021a-1.el7.noarch
May 05 15:16:18 Installed: ncurses-base-5.9-14.20130511.el7_4.noarch
May 05 15:16:18 Installed: nss-softokn-freebl-3.53.1-6.0.1.el7_9.x86_64
May 05 15:16:22 Installed: glibc-common-2.17-324.0.1.el7_9.x86_64
May 05 15:16:22 Installed: glibc-2.17-324.0.1.el7_9.x86_64
May 05 15:16:22 Installed: nspr-4.25.0-2.el7_9.x86_64
May 05 15:16:22 Installed: nss-util-3.53.1-1.el7_9.x86_64
May 05 15:16:23 Installed: libstdc++-4.8.5-44.0.3.el7.x86_64
May 05 15:16:23 Installed: ncurses-libs-5.9-14.20130511.el7_4.x86_64
May 05 15:16:23 Installed: bash-4.2.46-34.el7.x86_64
May 05 15:16:23 Installed: libsepol-2.5-10.el7.x86_64
May 05 15:16:23 Installed: pcre-8.32-17.el7.x86_64
May 05 15:16:23 Installed: libselinux-2.5-15.el7.x86_64
May 05 15:16:23 Installed: zlib-1.2.7-19.el7_9.x86_64
May 05 15:16:23 Installed: info-5.1-5.el7.x86_64
May 05 15:16:23 Installed: bzip2-libs-1.0.6-13.el7.x86_64
May 05 15:16:23 Installed: libdb-5.3.21-25.el7.x86_64
May 05 15:16:23 Installed: xz-libs-5.2.2-1.el7.x86_64
May 05 15:16:23 Installed: popt-1.13-16.el7.x86_64
May 05 15:16:23 Installed: libattr-2.4.46-13.el7.x86_64
May 05 15:16:23 Installed: libacl-2.2.51-15.el7.x86_64
May 05 15:16:23 Installed: libcap-2.22-11.el7.x86_64
May 05 15:16:24 Installed: readline-6.2-11.el7.x86_64
May 05 15:16:24 Installed: lua-5.1.4-15.el7.x86_64
May 05 15:16:24 Installed: elfutils-libelf-0.176-5.el7.x86_64
May 05 15:16:24 Installed: libgpg-error-1.12-3.el7.x86_64
May 05 15:16:24 Installed: libcom_err-1.42.9-19.el7.x86_64
May 05 15:16:24 Installed: libffi-3.0.13-19.el7.x86_64
May 05 15:16:24 Installed: sqlite-3.7.17-8.el7_7.1.x86_64
May 05 15:16:24 Installed: chkconfig-1.7.6-1.el7.x86_64
May 05 15:16:24 Installed: libxml2-2.9.1-6.0.1.el7.5.x86_64
May 05 15:16:24 Installed: grep-2.20-3.el7.x86_64
May 05 15:16:24 Installed: sed-4.2.2-7.el7.x86_64
May 05 15:16:24 Installed: nss-softokn-3.53.1-6.0.1.el7_9.x86_64
May 05 15:16:24 Installed: p11-kit-0.23.5-3.el7.x86_64
May 05 15:16:24 Installed: libassuan-2.1.0-3.el7.x86_64
May 05 15:16:25 Installed: file-libs-5.11-37.el7.x86_64
May 05 15:16:25 Installed: libuuid-2.23.2-65.0.1.el7_9.1.x86_64
May 05 15:16:25 Installed: keyutils-libs-1.5.8-3.el7.x86_64
May 05 15:16:25 Installed: pinentry-0.8.1-17.el7.x86_64
May 05 15:16:25 Installed: libgcrypt-1.5.3-14.el7.x86_64
May 05 15:16:25 Installed: libdb-utils-5.3.21-25.el7.x86_64
May 05 15:16:25 Installed: libidn-1.28-4.el7.x86_64
May 05 15:16:25 Installed: gawk-4.0.2-4.el7_3.1.x86_64
May 05 15:16:25 Installed: diffutils-3.3-5.el7.x86_64
May 05 15:16:25 Installed: 1:findutils-4.5.11-6.el7.x86_64
May 05 15:16:25 Installed: cpio-2.11-28.el7.x86_64
May 05 15:16:25 Installed: ncurses-5.9-14.20130511.el7_4.x86_64
May 05 15:16:25 Installed: 1:gmp-6.0.0-15.el7.x86_64
May 05 15:16:25 Installed: pth-2.0.7-23.el7.x86_64
May 05 15:16:25 Installed: ustr-1.0.4-16.el7.x86_64
May 05 15:16:25 Installed: libverto-0.2.5-4.el7.x86_64
May 05 15:16:26 Installed: libcap-ng-0.7.5-4.el7.x86_64
May 05 15:16:26 Installed: audit-libs-2.8.5-4.el7.x86_64
May 05 15:16:26 Installed: libsemanage-2.5-14.el7.x86_64
May 05 15:16:26 Installed: libtasn1-4.10-1.el7.x86_64
May 05 15:16:26 Installed: p11-kit-trust-0.23.5-3.el7.x86_64
May 05 15:16:27 Installed: ca-certificates-2020.2.41-70.0.el7_8.noarch
May 05 15:16:27 Installed: 1:openssl-libs-1.0.2k-21.el7_9.x86_64
May 05 15:16:27 Installed: coreutils-8.22-24.0.1.el7_9.2.x86_64
May 05 15:16:28 Installed: krb5-libs-1.15.1-50.el7.x86_64
May 05 15:16:28 Installed: cyrus-sasl-lib-2.1.26-23.el7.x86_64
May 05 15:16:28 Installed: libblkid-2.23.2-65.0.1.el7_9.1.x86_64
May 05 15:16:28 Installed: libmount-2.23.2-65.0.1.el7_9.1.x86_64
May 05 15:16:28 Installed: glib2-2.56.1-8.el7.x86_64
May 05 15:16:28 Installed: shared-mime-info-1.8-5.el7.x86_64
May 05 15:16:28 Installed: nss-pem-1.0.3-7.el7.x86_64
May 05 15:16:29 Installed: nss-3.53.1-7.el7_9.x86_64
May 05 15:16:29 Installed: nss-sysinit-3.53.1-7.el7_9.x86_64
May 05 15:16:29 Installed: nss-tools-3.53.1-7.el7_9.x86_64
May 05 15:16:29 Installed: libssh2-1.8.0-4.el7.x86_64
May 05 15:16:29 Installed: libcurl-7.29.0-59.0.1.el7_9.1.x86_64
May 05 15:16:29 Installed: curl-7.29.0-59.0.1.el7_9.1.x86_64
May 05 15:16:29 Installed: rpm-libs-4.11.3-45.el7.x86_64
May 05 15:16:29 Installed: rpm-4.11.3-45.el7.x86_64
May 05 15:16:29 Installed: openldap-2.4.44-23.el7_9.x86_64
May 05 15:16:30 Installed: gnupg2-2.0.22-5.el7_5.x86_64
May 05 15:16:30 Installed: rpm-build-libs-4.11.3-45.el7.x86_64
May 05 15:16:30 Installed: gpgme-1.3.2-5.el7.x86_64
May 05 15:16:30 Installed: gdbm-1.10-8.el7.x86_64
May 05 15:16:30 Installed: expat-2.1.0-12.el7.x86_64
May 05 15:16:31 Installed: python-libs-2.7.5-90.0.3.el7.x86_64
May 05 15:16:31 Installed: python-2.7.5-90.0.3.el7.x86_64
May 05 15:16:31 Installed: pygpgme-0.3-9.el7.x86_64
May 05 15:16:31 Installed: python-iniparse-0.4-9.el7.noarch
May 05 15:16:31 Installed: libxml2-python-2.9.1-6.0.1.el7.5.x86_64
May 05 15:16:31 Installed: rpm-python-4.11.3-45.el7.x86_64
May 05 15:16:31 Installed: yum-metadata-parser-1.1.4-10.el7.x86_64
May 05 15:16:31 Installed: python-pycurl-7.19.0-19.el7.x86_64
May 05 15:16:32 Installed: python-urlgrabber-3.10-10.el7.noarch
May 05 15:16:32 Installed: python-chardet-2.2.1-3.el7.noarch
May 05 15:16:32 Installed: python-kitchen-1.1.1-5.el7.noarch
May 05 15:16:32 Installed: pyliblzma-0.5.3-11.el7.x86_64
May 05 15:16:32 Installed: pyxattr-0.5.1-5.el7.x86_64
May 05 15:16:32 Installed: yum-3.4.3-168.0.3.el7.noarch
May 05 15:16:32 Installed: yum-utils-1.1.31-54.0.1.el7_8.noarch
May 05 15:16:34 Installed: oraclelinux-release-el7-1.0-16.el7.x86_64
May 05 15:16:34 Installed: yum-plugin-ovl-1.1.31-54.0.1.el7_8.noarch
May 05 15:16:34 Installed: 2:shadow-utils-4.6-5.0.1.el7.x86_64
May 05 15:16:34 Installed: 7:oraclelinux-release-7.9-1.0.9.el7.x86_64
May 05 15:16:34 Installed: kernel-container-3.10.0-0.0.0.2.el7.x86_64
May 14 04:52:51 Updated: libcurl-7.29.0-59.0.3.el7_9.1.x86_64
May 14 04:52:51 Updated: curl-7.29.0-59.0.3.el7_9.1.x86_64
May 14 04:53:12 Installed: 1:mariadb-libs-5.5.68-1.el7.x86_64
May 14 04:53:12 Installed: gzip-1.5-10.el7.x86_64
May 14 04:53:12 Installed: cracklib-2.9.0-11.el7.x86_64
May 14 04:53:13 Installed: apr-1.4.8-7.el7.x86_64
May 14 04:53:13 Installed: apr-util-1.5.2-6.0.1.el7.x86_64
May 14 04:53:13 Installed: cracklib-dicts-2.9.0-11.el7.x86_64
May 14 04:53:13 Installed: pam-1.1.8-23.el7.x86_64
May 14 04:53:13 Installed: libpwquality-1.2.3-5.el7.x86_64
May 14 04:53:13 Installed: xz-5.2.2-1.el7.x86_64
May 14 04:53:13 Installed: libselinux-utils-2.5-15.el7.x86_64
May 14 04:53:13 Installed: 32:bind-license-9.11.4-26.P2.el7_9.5.noarch
May 14 04:53:14 Installed: lz4-1.8.3-1.el7.x86_64
May 14 04:53:14 Installed: libmnl-1.0.3-7.el7.x86_64
May 14 04:53:14 Installed: libnfnetlink-1.0.1-4.el7.x86_64
May 14 04:53:14 Installed: libnetfilter_conntrack-1.0.6-1.el7_3.x86_64
May 14 04:53:14 Installed: iptables-1.4.21-35.0.1.el7.x86_64
May 14 04:53:14 Installed: iproute-4.11.0-30.el7.x86_64
May 14 04:53:14 Installed: libuser-0.60-9.el7.x86_64
May 14 04:53:14 Installed: httpd-tools-2.4.6-97.0.1.el7_9.x86_64
May 14 04:53:15 Installed: kmod-libs-20-28.0.3.el7.x86_64
May 14 04:53:15 Installed: libselinux-python-2.5-15.el7.x86_64
May 14 04:53:15 Installed: 2:vim-minimal-7.4.629-8.0.1.el7_9.x86_64
May 14 04:53:15 Installed: json-c-0.11-4.el7_0.x86_64
May 14 04:53:15 Installed: libzip-0.10.1-8.el7.x86_64
May 14 04:53:15 Installed: php-common-5.4.16-48.el7.x86_64
May 14 04:53:15 Installed: php-pdo-5.4.16-48.el7.x86_64
May 14 04:53:15 Installed: libxslt-1.1.28-6.0.1.el7.x86_64
May 14 04:53:15 Installed: oracle-logos-70.7.0-1.0.7.el7.noarch
May 14 04:53:15 Installed: logrotate-3.8.6-19.el7.x86_64
May 14 04:53:16 Installed: 2:tar-1.26-35.el7.x86_64
May 14 04:53:16 Installed: libestr-0.1.9-2.el7.x86_64
May 14 04:53:16 Installed: libsemanage-python-2.5-14.el7.x86_64
May 14 04:53:16 Installed: hostname-3.13-3.el7_7.1.x86_64
May 14 04:53:16 Installed: libaio-0.3.109-13.el7.x86_64
May 14 04:53:17 Installed: binutils-2.27-44.base.0.3.el7.x86_64
May 14 04:53:17 Installed: redhat-indexhtml-7-13.0.1.el7.noarch
May 14 04:53:17 Installed: libsmartcols-2.23.2-65.0.1.el7_9.1.x86_64
May 14 04:53:17 Installed: libfastjson-0.99.4-3.el7.x86_64
May 14 04:53:17 Installed: bc-1.06.95-13.el7.x86_64
May 14 04:53:17 Installed: qrencode-libs-3.4.1-3.el7.x86_64
May 14 04:53:17 Installed: mailcap-2.1.41-2.el7.noarch
May 14 04:53:17 Installed: 1:tcl-8.5.13-8.el7.x86_64
May 14 04:53:17 Installed: 2:vim-filesystem-7.4.629-8.0.1.el7_9.x86_64
May 14 04:53:18 Installed: 2:vim-common-7.4.629-8.0.1.el7_9.x86_64
May 14 04:53:18 Installed: audit-libs-python-2.8.5-4.el7.x86_64
May 14 04:53:18 Installed: python-ply-3.4-11.el7.noarch
May 14 04:53:18 Installed: setools-libs-3.3.8-4.el7.x86_64
May 14 04:53:18 Installed: python-IPy-0.75-6.el7.noarch
May 14 04:53:18 Installed: checkpolicy-2.5-8.el7.x86_64
May 14 04:53:18 Installed: geoipupdate-2.5.0-1.el7.x86_64
May 14 04:53:19 Installed: GeoIP-1.5.0-14.el7.x86_64
May 14 04:53:19 Installed: 32:bind-libs-lite-9.11.4-26.P2.el7_9.5.x86_64
May 14 04:53:19 Installed: 32:bind-libs-9.11.4-26.P2.el7_9.5.x86_64
May 14 04:53:19 Installed: libutempter-1.1.6-4.el7.x86_64
May 14 04:53:19 Installed: gpm-libs-1.20.7-6.el7.x86_64
May 14 04:53:19 Installed: libedit-3.0-12.20121213cvs.el7.x86_64
May 14 04:53:20 Installed: php-cli-5.4.16-48.el7.x86_64
May 14 04:53:20 Installed: 1:hardlink-1.0-19.el7.x86_64
May 14 04:53:20 Installed: libicu-50.2-4.el7_7.x86_64
May 14 04:53:20 Installed: which-2.20-7.el7.x86_64
May 14 04:53:21 Installed: groff-base-1.22.2-8.el7.x86_64
May 14 04:53:21 Installed: 1:perl-parent-0.225-244.el7.noarch
May 14 04:53:21 Installed: perl-HTTP-Tiny-0.033-3.el7.noarch
May 14 04:53:21 Installed: perl-podlators-2.5.1-3.el7.noarch
May 14 04:53:21 Installed: perl-Pod-Perldoc-3.20-4.el7.noarch
May 14 04:53:21 Installed: 1:perl-Pod-Escapes-1.04-299.el7_9.noarch
May 14 04:53:21 Installed: perl-Text-ParseWords-3.29-4.el7.noarch
May 14 04:53:21 Installed: perl-Encode-2.51-7.el7.x86_64
May 14 04:53:21 Installed: perl-Pod-Usage-1.63-3.el7.noarch
May 14 04:53:21 Installed: 4:perl-Time-HiRes-1.9725-3.el7.x86_64
May 14 04:53:21 Installed: perl-threads-1.87-4.el7.x86_64
May 14 04:53:21 Installed: perl-Storable-2.45-3.el7.x86_64
May 14 04:53:21 Installed: perl-Carp-1.26-244.el7.noarch
May 14 04:53:21 Installed: perl-Filter-1.49-3.el7.x86_64
May 14 04:53:21 Installed: perl-Exporter-5.68-3.el7.noarch
May 14 04:53:21 Installed: perl-Time-Local-1.2300-2.el7.noarch
May 14 04:53:21 Installed: perl-constant-1.27-2.el7.noarch
May 14 04:53:21 Installed: perl-Socket-2.010-5.el7.x86_64
May 14 04:53:21 Installed: 4:perl-macros-5.16.3-299.el7_9.x86_64
May 14 04:53:21 Installed: perl-threads-shared-1.43-6.el7.x86_64
May 14 04:53:21 Installed: perl-File-Temp-0.23.01-3.el7.noarch
May 14 04:53:21 Installed: perl-File-Path-2.09-2.el7.noarch
May 14 04:53:21 Installed: perl-PathTools-3.40-5.el7.x86_64
May 14 04:53:21 Installed: perl-Scalar-List-Utils-1.27-248.el7.x86_64
May 14 04:53:21 Installed: 4:perl-libs-5.16.3-299.el7_9.x86_64
May 14 04:53:21 Installed: 1:perl-Pod-Simple-3.28-4.el7.noarch
May 14 04:53:21 Installed: perl-Getopt-Long-2.40-3.el7.noarch
May 14 04:53:22 Installed: 4:perl-5.16.3-299.el7_9.x86_64
May 14 04:53:22 Installed: perl-Data-Dumper-2.145-3.el7.x86_64
May 14 04:53:22 Installed: perl-Compress-Raw-Bzip2-2.061-3.el7.x86_64
May 14 04:53:22 Installed: perl-Net-Daemon-0.48-5.el7.noarch
May 14 04:53:22 Installed: 1:perl-Compress-Raw-Zlib-2.061-4.el7.x86_64
May 14 04:53:22 Installed: perl-IO-Compress-2.061-2.el7.noarch
May 14 04:53:22 Installed: perl-PlRPC-0.2020-14.el7.noarch
May 14 04:53:22 Installed: perl-DBI-1.627-4.el7.x86_64
May 14 04:53:23 Installed: perl-DBD-MySQL-4.023-6.0.1.el7.x86_64
May 14 04:53:23 Installed: sysvinit-tools-2.88-14.dsf.el7.x86_64
May 14 04:53:23 Installed: 1:pkgconfig-0.27.1-4.el7.x86_64
May 14 04:53:23 Installed: acl-2.2.51-15.el7.x86_64
May 14 04:53:23 Installed: procps-ng-3.3.10-28.el7.x86_64
May 14 04:53:23 Installed: util-linux-2.23.2-65.0.1.el7_9.1.x86_64
May 14 04:53:23 Installed: kpartx-0.4.9-134.0.3.el7_9.x86_64
May 14 04:53:23 Installed: 7:device-mapper-1.02.170-6.0.3.el7_9.5.x86_64
May 14 04:53:23 Installed: dracut-033-572.0.3.el7.x86_64
May 14 04:53:23 Installed: kmod-20-28.0.3.el7.x86_64
May 14 04:53:23 Installed: 7:device-mapper-libs-1.02.170-6.0.3.el7_9.5.x86_64
May 14 04:53:24 Installed: cryptsetup-libs-2.0.3-6.el7.x86_64
May 14 04:53:24 Installed: elfutils-libs-0.176-5.el7.x86_64
May 14 04:53:24 Installed: systemd-libs-219-78.0.3.el7_9.3.x86_64
May 14 04:53:24 Installed: 1:dbus-libs-1.10.24-15.0.1.el7.x86_64
May 14 04:53:25 Installed: systemd-219-78.0.3.el7_9.3.x86_64
May 14 04:53:25 Installed: elfutils-default-yama-scope-0.176-5.el7.noarch
May 14 04:53:25 Installed: 1:dbus-1.10.24-15.0.1.el7.x86_64
May 14 04:53:25 Installed: cronie-anacron-1.4.11-23.el7.x86_64
May 14 04:53:26 Installed: cronie-1.4.11-23.el7.x86_64
May 14 04:53:26 Installed: crontabs-1.11-6.20121102git.el7.noarch
May 14 04:53:26 Installed: policycoreutils-2.5-34.0.1.el7.x86_64
May 14 04:53:26 Installed: selinux-policy-3.13.1-268.0.3.el7_9.2.noarch
May 14 04:53:26 Installed: iputils-20160308-10.el7.x86_64
May 14 04:53:27 Installed: httpd-2.4.6-97.0.1.el7_9.x86_64
May 14 04:53:28 Installed: 1:mariadb-5.5.68-1.el7.x86_64
May 14 04:53:28 Installed: libcgroup-0.41-21.el7.x86_64
May 14 04:53:28 Installed: policycoreutils-python-2.5-34.0.1.el7.x86_64
May 14 04:53:34 Installed: selinux-policy-minimum-3.13.1-268.0.3.el7_9.2.noarch
May 14 04:53:35 Installed: 32:bind-9.11.4-26.P2.el7_9.5.x86_64
May 14 04:53:36 Installed: 1:mariadb-server-5.5.68-1.el7.x86_64
May 14 04:53:36 Installed: php-5.4.16-48.el7.x86_64
May 14 04:53:37 Installed: initscripts-9.49.53-1.0.1.el7_9.1.x86_64
May 14 04:53:37 Installed: rsyslog-8.24.0-57.0.1.el7_9.x86_64
May 14 04:53:37 Installed: net-tools-2.0-0.25.20131004git.el7.x86_64
May 14 04:53:37 Installed: 2:vim-enhanced-7.4.629-8.0.1.el7_9.x86_64
May 14 04:53:37 Installed: php-intl-5.4.16-48.el7.x86_64
May 14 04:53:37 Installed: 32:bind-utils-9.11.4-26.P2.el7_9.5.x86_64
May 14 04:53:37 Installed: expect-5.45-14.el7_1.x86_64
May 14 04:53:37 Installed: lynx-2.8.8-0.3.dev15.el7.x86_64
May 14 04:53:37 Installed: php-xml-5.4.16-48.el7.x86_64
May 14 04:53:37 Installed: php-mysql-5.4.16-48.el7.x86_64
May 14 04:53:37 Installed: php-soap-5.4.16-48.el7.x86_64
May 14 04:53:37 Installed: sudo-1.8.23-10.el7_9.1.x86_64
May 14 04:53:38 Installed: lsof-4.87-6.el7.x86_64
May 14 04:53:38 Installed: wget-1.14-18.el7_6.1.x86_64
May 14 04:53:40 Installed: epel-release-7-13.noarch
May 14 04:53:46 Installed: fipscheck-1.4.1-6.el7.x86_64
May 14 04:53:46 Installed: fipscheck-lib-1.4.1-6.el7.x86_64
May 14 04:53:46 Installed: openssh-7.4p1-21.0.1.el7.x86_64
May 14 04:53:47 Installed: openssh-clients-7.4p1-21.0.1.el7.x86_64
May 14 04:53:47 Installed: sshpass-1.06-1.el7.x86_64
